# JRE version: OpenJDK Runtime Environment (11.0.15) (build 11.0.15+0-b2043.56-9505619)
# Java VM: OpenJDK 64-Bit Server VM (11.0.15+0-b2043.56-9505619, mixed mode, tiered, compressed oops, g1 gc, windows-amd64)
Heap:
 garbage-first heap   total 157696K, used 119231K [0x0000000080000000, 0x0000000100000000)
  region size 1024K, 13 young (13312K), 2 survivors (2048K)
 Metaspace       used 91757K, capacity 94296K, committed 94800K, reserved 1138688K
  class space    used 11776K, capacity 12772K, committed 13004K, reserved 1048576K
GC Heap History (20 events):
Event: 24.168 GC heap before
{Heap before GC invocations=13 (full 0):
 garbage-first heap   total 157696K, used 123945K [0x0000000080000000, 0x0000000100000000)
  region size 1024K, 76 young (77824K), 5 survivors (5120K)
 Metaspace       used 64946K, capacity 66561K, committed 66640K, reserved 1107968K
  class space    used 8236K, capacity 8865K, committed 8908K, reserved 1048576K
}
Event: 24.180 GC heap after
{Heap after GC invocations=14 (full 0):
 garbage-first heap   total 157696K, used 48099K [0x0000000080000000, 0x0000000100000000)
  region size 1024K, 10 young (10240K), 10 survivors (10240K)
 Metaspace       used 64946K, capacity 66561K, committed 66640K, reserved 1107968K
  class space    used 8236K, capacity 8865K, committed 8908K, reserved 1048576K
}
Event: 26.128 GC heap before
{Heap before GC invocations=14 (full 0):
 garbage-first heap   total 157696K, used 115683K [0x0000000080000000, 0x0000000100000000)
  region size 1024K, 77 young (78848K), 10 survivors (10240K)
 Metaspace       used 68329K, capacity 69995K, committed 70096K, reserved 1110016K
  class space    used 8770K, capacity 9453K, committed 9548K, reserved 1048576K
}
Event: 26.165 GC heap after
{Heap after GC invocations=15 (full 0):
 garbage-first heap   total 157696K, used 52669K [0x0000000080000000, 0x0000000100000000)
  region size 1024K, 5 young (5120K), 5 survivors (5120K)
 Metaspace       used 68329K, capacity 69995K, committed 70096K, reserved 1110016K
  class space    used 8770K, capacity 9453K, committed 9548K, reserved 1048576K
}
Event: 28.226 GC heap before
{Heap before GC invocations=16 (full 0):
 garbage-first heap   total 157696K, used 121277K [0x0000000080000000, 0x0000000100000000)
  region size 1024K, 72 young (73728K), 5 survivors (5120K)
 Metaspace       used 74899K, capacity 76790K, committed 77008K, reserved 1116160K
  class space    used 9803K, capacity 10518K, committed 10572K, reserved 1048576K
}
Event: 28.241 GC heap after
{Heap after GC invocations=17 (full 0):
 garbage-first heap   total 157696K, used 56484K [0x0000000080000000, 0x0000000100000000)
  region size 1024K, 9 young (9216K), 9 survivors (9216K)
 Metaspace       used 74899K, capacity 76790K, committed 77008K, reserved 1116160K
  class space    used 9803K, capacity 10518K, committed 10572K, reserved 1048576K
}
Event: 29.651 GC heap before
{Heap before GC invocations=17 (full 0):
 garbage-first heap   total 157696K, used 124068K [0x0000000080000000, 0x0000000100000000)
  region size 1024K, 75 young (76800K), 9 survivors (9216K)
 Metaspace       used 80007K, capacity 82088K, committed 82384K, reserved 1120256K
  class space    used 10468K, capacity 11218K, committed 11340K, reserved 1048576K
}
Event: 29.669 GC heap after
{Heap after GC invocations=18 (full 0):
 garbage-first heap   total 157696K, used 62275K [0x0000000080000000, 0x0000000100000000)
  region size 1024K, 10 young (10240K), 10 survivors (10240K)
 Metaspace       used 80007K, capacity 82088K, committed 82384K, reserved 1120256K
  class space    used 10468K, capacity 11218K, committed 11340K, reserved 1048576K
}
Event: 30.961 GC heap before
{Heap before GC invocations=18 (full 0):
 garbage-first heap   total 157696K, used 124739K [0x0000000080000000, 0x0000000100000000)
  region size 1024K, 72 young (73728K), 10 survivors (10240K)
 Metaspace       used 83172K, capacity 85356K, committed 85584K, reserved 1124352K
  class space    used 10877K, capacity 11713K, committed 11724K, reserved 1048576K
}
Event: 30.983 GC heap after
{Heap after GC invocations=19 (full 0):
 garbage-first heap   total 157696K, used 69365K [0x0000000080000000, 0x0000000100000000)
  region size 1024K, 8 young (8192K), 8 survivors (8192K)
 Metaspace       used 83172K, capacity 85356K, committed 85584K, reserved 1124352K
  class space    used 10877K, capacity 11713K, committed 11724K, reserved 1048576K
}
Event: 32.608 GC heap before
{Heap before GC invocations=19 (full 0):
 garbage-first heap   total 157696K, used 124661K [0x0000000080000000, 0x0000000100000000)
  region size 1024K, 63 young (64512K), 8 survivors (8192K)
 Metaspace       used 85164K, capacity 87672K, committed 87888K, reserved 1124352K
  class space    used 11178K, capacity 12143K, committed 12236K, reserved 1048576K
}
Event: 32.621 GC heap after
{Heap after GC invocations=20 (full 0):
 garbage-first heap   total 157696K, used 73009K [0x0000000080000000, 0x0000000100000000)
  region size 1024K, 4 young (4096K), 4 survivors (4096K)
 Metaspace       used 85164K, capacity 87672K, committed 87888K, reserved 1124352K
  class space    used 11178K, capacity 12143K, committed 12236K, reserved 1048576K
}
Event: 35.007 GC heap before
{Heap before GC invocations=20 (full 0):
 garbage-first heap   total 157696K, used 127281K [0x0000000080000000, 0x0000000100000000)
  region size 1024K, 58 young (59392K), 4 survivors (4096K)
 Metaspace       used 88163K, capacity 90732K, committed 91088K, reserved 1128448K
  class space    used 11502K, capacity 12511K, committed 12620K, reserved 1048576K
}
Event: 35.017 GC heap after
{Heap after GC invocations=21 (full 0):
 garbage-first heap   total 157696K, used 75128K [0x0000000080000000, 0x0000000100000000)
  region size 1024K, 6 young (6144K), 6 survivors (6144K)
 Metaspace       used 88163K, capacity 90732K, committed 91088K, reserved 1128448K
  class space    used 11502K, capacity 12511K, committed 12620K, reserved 1048576K
}
Event: 37.107 GC heap before
{Heap before GC invocations=21 (full 0):
 garbage-first heap   total 157696K, used 97656K [0x0000000080000000, 0x0000000100000000)
  region size 1024K, 29 young (29696K), 6 survivors (6144K)
 Metaspace       used 88335K, capacity 90925K, committed 91088K, reserved 1128448K
  class space    used 11502K, capacity 12511K, committed 12620K, reserved 1048576K
}
Event: 37.152 GC heap after
{Heap after GC invocations=22 (full 0):
 garbage-first heap   total 157696K, used 82833K [0x0000000080000000, 0x0000000100000000)
  region size 1024K, 8 young (8192K), 8 survivors (8192K)
 Metaspace       used 88335K, capacity 90925K, committed 91088K, reserved 1128448K
  class space    used 11502K, capacity 12511K, committed 12620K, reserved 1048576K
}
Event: 39.138 GC heap before
{Heap before GC invocations=23 (full 0):
 garbage-first heap   total 157696K, used 128913K [0x0000000080000000, 0x0000000100000000)
  region size 1024K, 46 young (47104K), 8 survivors (8192K)
 Metaspace       used 89015K, capacity 91685K, committed 91856K, reserved 1128448K
  class space    used 11565K, capacity 12614K, committed 12620K, reserved 1048576K
}
Event: 39.165 GC heap after
{Heap after GC invocations=24 (full 0):
 garbage-first heap   total 157696K, used 97868K [0x0000000080000000, 0x0000000100000000)
  region size 1024K, 6 young (6144K), 6 survivors (6144K)
 Metaspace       used 89015K, capacity 91685K, committed 91856K, reserved 1128448K
  class space    used 11565K, capacity 12614K, committed 12620K, reserved 1048576K
}
Event: 39.350 GC heap before
{Heap before GC invocations=24 (full 0):
 garbage-first heap   total 157696K, used 102988K [0x0000000080000000, 0x0000000100000000)
  region size 1024K, 13 young (13312K), 6 survivors (6144K)
 Metaspace       used 89664K, capacity 92395K, committed 92496K, reserved 1128448K
  class space    used 11619K, capacity 12679K, committed 12748K, reserved 1048576K
}
Event: 39.362 GC heap after
{Heap after GC invocations=25 (full 0):
 garbage-first heap   total 157696K, used 100799K [0x0000000080000000, 0x0000000100000000)
  region size 1024K, 2 young (2048K), 2 survivors (2048K)
 Metaspace       used 89664K, capacity 92395K, committed 92496K, reserved 1128448K
  class space    used 11619K, capacity 12679K, committed 12748K, reserved 1048576K
}

