# JRE version: OpenJDK Runtime Environment (11.0.15) (build 11.0.15+0-b2043.56-9505619)
# Java VM: OpenJDK 64-Bit Server VM (11.0.15+0-b2043.56-9505619, mixed mode, tiered, compressed oops, g1 gc, windows-amd64)
Heap:
 garbage-first heap   total 189440K, used 102660K [0x0000000080000000, 0x0000000100000000)
  region size 1024K, 3 young (3072K), 3 survivors (3072K)
 Metaspace       used 87927K, capacity 90592K, committed 90704K, reserved 1128448K
  class space    used 11450K, capacity 12479K, committed 12516K, reserved 1048576K
GC Heap History (20 events):
Event: 15.301 GC heap after
{Heap after GC invocations=13 (full 0):
 garbage-first heap   total 157696K, used 47665K [0x0000000080000000, 0x0000000100000000)
  region size 1024K, 7 young (7168K), 7 survivors (7168K)
 Metaspace       used 62141K, capacity 63766K, committed 64028K, reserved 1105920K
  class space    used 7871K, capacity 8498K, committed 8600K, reserved 1048576K
}
Event: 16.793 GC heap before
{Heap before GC invocations=13 (full 0):
 garbage-first heap   total 157696K, used 123441K [0x0000000080000000, 0x0000000100000000)
  region size 1024K, 80 young (81920K), 7 survivors (7168K)
 Metaspace       used 65205K, capacity 67004K, committed 67356K, reserved 1107968K
  class space    used 8286K, capacity 8970K, committed 9112K, reserved 1048576K
}
Event: 16.805 GC heap after
{Heap after GC invocations=14 (full 0):
 garbage-first heap   total 157696K, used 52321K [0x0000000080000000, 0x0000000100000000)
  region size 1024K, 5 young (5120K), 5 survivors (5120K)
 Metaspace       used 65205K, capacity 67004K, committed 67356K, reserved 1107968K
  class space    used 8286K, capacity 8970K, committed 9112K, reserved 1048576K
}
Event: 17.983 GC heap before
{Heap before GC invocations=14 (full 0):
 garbage-first heap   total 157696K, used 88161K [0x0000000080000000, 0x0000000100000000)
  region size 1024K, 41 young (41984K), 5 survivors (5120K)
 Metaspace       used 68878K, capacity 70542K, committed 70660K, reserved 1110016K
  class space    used 8883K, capacity 9551K, committed 9624K, reserved 1048576K
}
Event: 18.000 GC heap after
{Heap after GC invocations=15 (full 0):
 garbage-first heap   total 157696K, used 54334K [0x0000000080000000, 0x0000000100000000)
  region size 1024K, 7 young (7168K), 7 survivors (7168K)
 Metaspace       used 68878K, capacity 70542K, committed 70660K, reserved 1110016K
  class space    used 8883K, capacity 9551K, committed 9624K, reserved 1048576K
}
Event: 19.822 GC heap before
{Heap before GC invocations=16 (full 0):
 garbage-first heap   total 157696K, used 112702K [0x0000000080000000, 0x0000000100000000)
  region size 1024K, 64 young (65536K), 7 survivors (7168K)
 Metaspace       used 74267K, capacity 76145K, committed 76368K, reserved 1116160K
  class space    used 9727K, capacity 10454K, committed 10468K, reserved 1048576K
}
Event: 19.835 GC heap after
{Heap after GC invocations=17 (full 0):
 garbage-first heap   total 157696K, used 58109K [0x0000000080000000, 0x0000000100000000)
  region size 1024K, 6 young (6144K), 6 survivors (6144K)
 Metaspace       used 74267K, capacity 76145K, committed 76368K, reserved 1116160K
  class space    used 9727K, capacity 10454K, committed 10468K, reserved 1048576K
}
Event: 21.403 GC heap before
{Heap before GC invocations=17 (full 0):
 garbage-first heap   total 157696K, used 116477K [0x0000000080000000, 0x0000000100000000)
  region size 1024K, 63 young (64512K), 6 survivors (6144K)
 Metaspace       used 79548K, capacity 81572K, committed 81744K, reserved 1120256K
  class space    used 10413K, capacity 11197K, committed 11236K, reserved 1048576K
}
Event: 21.417 GC heap after
{Heap after GC invocations=18 (full 0):
 garbage-first heap   total 157696K, used 62558K [0x0000000080000000, 0x0000000100000000)
  region size 1024K, 8 young (8192K), 8 survivors (8192K)
 Metaspace       used 79548K, capacity 81572K, committed 81744K, reserved 1120256K
  class space    used 10413K, capacity 11197K, committed 11236K, reserved 1048576K
}
Event: 22.008 GC heap before
{Heap before GC invocations=18 (full 0):
 garbage-first heap   total 157696K, used 119902K [0x0000000080000000, 0x0000000100000000)
  region size 1024K, 64 young (65536K), 8 survivors (8192K)
 Metaspace       used 80094K, capacity 82108K, committed 82256K, reserved 1120256K
  class space    used 10475K, capacity 11222K, committed 11236K, reserved 1048576K
}
Event: 22.028 GC heap after
{Heap after GC invocations=19 (full 0):
 garbage-first heap   total 157696K, used 69692K [0x0000000080000000, 0x0000000100000000)
  region size 1024K, 8 young (8192K), 8 survivors (8192K)
 Metaspace       used 80094K, capacity 82108K, committed 82256K, reserved 1120256K
  class space    used 10475K, capacity 11222K, committed 11236K, reserved 1048576K
}
Event: 23.515 GC heap before
{Heap before GC invocations=19 (full 0):
 garbage-first heap   total 157696K, used 120892K [0x0000000080000000, 0x0000000100000000)
  region size 1024K, 59 young (60416K), 8 survivors (8192K)
 Metaspace       used 82697K, capacity 85170K, committed 85328K, reserved 1122304K
  class space    used 10948K, capacity 11879K, committed 12004K, reserved 1048576K
}
Event: 23.535 GC heap after
{Heap after GC invocations=20 (full 0):
 garbage-first heap   total 157696K, used 73917K [0x0000000080000000, 0x0000000100000000)
  region size 1024K, 4 young (4096K), 4 survivors (4096K)
 Metaspace       used 82697K, capacity 85170K, committed 85328K, reserved 1122304K
  class space    used 10948K, capacity 11879K, committed 12004K, reserved 1048576K
}
Event: 25.114 GC heap before
{Heap before GC invocations=20 (full 0):
 garbage-first heap   total 157696K, used 124093K [0x0000000080000000, 0x0000000100000000)
  region size 1024K, 54 young (55296K), 4 survivors (4096K)
 Metaspace       used 86027K, capacity 88538K, committed 88656K, reserved 1126400K
  class space    used 11272K, capacity 12225K, committed 12260K, reserved 1048576K
}
Event: 25.124 GC heap after
{Heap after GC invocations=21 (full 0):
 garbage-first heap   total 157696K, used 76031K [0x0000000080000000, 0x0000000100000000)
  region size 1024K, 6 young (6144K), 6 survivors (6144K)
 Metaspace       used 86027K, capacity 88538K, committed 88656K, reserved 1126400K
  class space    used 11272K, capacity 12225K, committed 12260K, reserved 1048576K
}
Event: 26.631 GC heap before
{Heap before GC invocations=21 (full 0):
 garbage-first heap   total 157696K, used 101631K [0x0000000080000000, 0x0000000100000000)
  region size 1024K, 33 young (33792K), 6 survivors (6144K)
 Metaspace       used 86299K, capacity 88798K, committed 88912K, reserved 1126400K
  class space    used 11272K, capacity 12225K, committed 12260K, reserved 1048576K
}
Event: 26.678 GC heap after
{Heap after GC invocations=22 (full 0):
 garbage-first heap   total 157696K, used 83251K [0x0000000080000000, 0x0000000100000000)
  region size 1024K, 7 young (7168K), 7 survivors (7168K)
 Metaspace       used 86299K, capacity 88798K, committed 88912K, reserved 1126400K
  class space    used 11272K, capacity 12225K, committed 12260K, reserved 1048576K
}
Event: 28.443 GC heap before
{Heap before GC invocations=23 (full 0):
 garbage-first heap   total 157696K, used 131379K [0x0000000080000000, 0x0000000100000000)
  region size 1024K, 45 young (46080K), 7 survivors (7168K)
 Metaspace       used 87158K, capacity 89695K, committed 89808K, reserved 1126400K
  class space    used 11373K, capacity 12364K, committed 12388K, reserved 1048576K
}
Event: 28.471 GC heap after
{Heap after GC invocations=24 (full 0):
 garbage-first heap   total 157696K, used 99249K [0x0000000080000000, 0x0000000100000000)
  region size 1024K, 6 young (6144K), 6 survivors (6144K)
 Metaspace       used 87158K, capacity 89695K, committed 89808K, reserved 1126400K
  class space    used 11373K, capacity 12364K, committed 12388K, reserved 1048576K
}
Event: 28.667 GC heap before
{Heap before GC invocations=24 (full 0):
 garbage-first heap   total 157696K, used 106417K [0x0000000080000000, 0x0000000100000000)
  region size 1024K, 15 young (15360K), 6 survivors (6144K)
 Metaspace       used 87927K, capacity 90592K, committed 90704K, reserved 1128448K
  class space    used 11450K, capacity 12479K, committed 12516K, reserved 1048576K
}

