# JRE version: OpenJDK Runtime Environment (11.0.15) (build 11.0.15+0-b2043.56-9505619)
# Java VM: OpenJDK 64-Bit Server VM (11.0.15+0-b2043.56-9505619, mixed mode, tiered, compressed oops, g1 gc, windows-amd64)
Heap:
 garbage-first heap   total 157696K, used 110268K [0x0000000080000000, 0x0000000100000000)
  region size 1024K, 57 young (58368K), 6 survivors (6144K)
 Metaspace       used 79682K, capacity 81754K, committed 82000K, reserved 1120256K
  class space    used 10444K, capacity 11214K, committed 11236K, reserved 1048576K
GC Heap History (20 events):
Event: 4.553 GC heap before
{Heap before GC invocations=2 (full 0):
 garbage-first heap   total 131072K, used 58985K [0x0000000080000000, 0x0000000100000000)
  region size 1024K, 51 young (52224K), 8 survivors (8192K)
 Metaspace       used 20838K, capacity 21166K, committed 21296K, reserved 1069056K
  class space    used 2526K, capacity 2653K, committed 2688K, reserved 1048576K
}
Event: 4.571 GC heap after
{Heap after GC invocations=3 (full 0):
 garbage-first heap   total 131072K, used 17846K [0x0000000080000000, 0x0000000100000000)
  region size 1024K, 3 young (3072K), 3 survivors (3072K)
 Metaspace       used 20838K, capacity 21166K, committed 21296K, reserved 1069056K
  class space    used 2526K, capacity 2653K, committed 2688K, reserved 1048576K
}
Event: 5.918 GC heap before
{Heap before GC invocations=4 (full 0):
 garbage-first heap   total 131072K, used 75190K [0x0000000080000000, 0x0000000100000000)
  region size 1024K, 59 young (60416K), 3 survivors (3072K)
 Metaspace       used 26987K, capacity 27604K, committed 27772K, reserved 1073152K
  class space    used 3501K, capacity 3770K, committed 3788K, reserved 1048576K
}
Event: 5.927 GC heap after
{Heap after GC invocations=5 (full 0):
 garbage-first heap   total 131072K, used 19891K [0x0000000080000000, 0x0000000100000000)
  region size 1024K, 5 young (5120K), 5 survivors (5120K)
 Metaspace       used 26987K, capacity 27604K, committed 27772K, reserved 1073152K
  class space    used 3501K, capacity 3770K, committed 3788K, reserved 1048576K
}
Event: 7.644 GC heap before
{Heap before GC invocations=5 (full 0):
 garbage-first heap   total 131072K, used 86451K [0x0000000080000000, 0x0000000100000000)
  region size 1024K, 71 young (72704K), 5 survivors (5120K)
 Metaspace       used 35123K, capacity 35979K, committed 36048K, reserved 1081344K
  class space    used 4580K, capacity 4925K, committed 4940K, reserved 1048576K
}
Event: 7.662 GC heap after
{Heap after GC invocations=6 (full 0):
 garbage-first heap   total 131072K, used 23293K [0x0000000080000000, 0x0000000100000000)
  region size 1024K, 8 young (8192K), 8 survivors (8192K)
 Metaspace       used 35123K, capacity 35979K, committed 36048K, reserved 1081344K
  class space    used 4580K, capacity 4925K, committed 4940K, reserved 1048576K
}
Event: 9.311 GC heap before
{Heap before GC invocations=7 (full 0):
 garbage-first heap   total 131072K, used 95997K [0x0000000080000000, 0x0000000100000000)
  region size 1024K, 76 young (77824K), 8 survivors (8192K)
 Metaspace       used 41111K, capacity 42093K, committed 42396K, reserved 1085440K
  class space    used 5216K, capacity 5568K, committed 5656K, reserved 1048576K
}
Event: 9.343 GC heap after
{Heap after GC invocations=8 (full 0):
 garbage-first heap   total 157696K, used 29365K [0x0000000080000000, 0x0000000100000000)
  region size 1024K, 10 young (10240K), 10 survivors (10240K)
 Metaspace       used 41111K, capacity 42093K, committed 42396K, reserved 1085440K
  class space    used 5216K, capacity 5568K, committed 5656K, reserved 1048576K
}
Event: 10.861 GC heap before
{Heap before GC invocations=9 (full 0):
 garbage-first heap   total 157696K, used 112309K [0x0000000080000000, 0x0000000100000000)
  region size 1024K, 91 young (93184K), 10 survivors (10240K)
 Metaspace       used 48268K, capacity 49461K, committed 49564K, reserved 1091584K
  class space    used 6179K, capacity 6654K, committed 6680K, reserved 1048576K
}
Event: 10.877 GC heap after
{Heap after GC invocations=10 (full 0):
 garbage-first heap   total 157696K, used 31505K [0x0000000080000000, 0x0000000100000000)
  region size 1024K, 9 young (9216K), 9 survivors (9216K)
 Metaspace       used 48268K, capacity 49461K, committed 49564K, reserved 1091584K
  class space    used 6179K, capacity 6654K, committed 6680K, reserved 1048576K
}
Event: 12.877 GC heap before
{Heap before GC invocations=10 (full 0):
 garbage-first heap   total 157696K, used 118545K [0x0000000080000000, 0x0000000100000000)
  region size 1024K, 92 young (94208K), 9 survivors (9216K)
 Metaspace       used 54313K, capacity 55697K, committed 56092K, reserved 1097728K
  class space    used 6886K, capacity 7436K, committed 7576K, reserved 1048576K
}
Event: 12.893 GC heap after
{Heap after GC invocations=11 (full 0):
 garbage-first heap   total 157696K, used 41731K [0x0000000080000000, 0x0000000100000000)
  region size 1024K, 11 young (11264K), 11 survivors (11264K)
 Metaspace       used 54313K, capacity 55697K, committed 56092K, reserved 1097728K
  class space    used 6886K, capacity 7436K, committed 7576K, reserved 1048576K
}
Event: 14.827 GC heap before
{Heap before GC invocations=11 (full 0):
 garbage-first heap   total 157696K, used 126723K [0x0000000080000000, 0x0000000100000000)
  region size 1024K, 87 young (89088K), 11 survivors (11264K)
 Metaspace       used 62843K, capacity 64496K, committed 64668K, reserved 1105920K
  class space    used 7953K, capacity 8592K, committed 8728K, reserved 1048576K
}
Event: 14.841 GC heap after
{Heap after GC invocations=12 (full 0):
 garbage-first heap   total 157696K, used 48814K [0x0000000080000000, 0x0000000100000000)
  region size 1024K, 7 young (7168K), 7 survivors (7168K)
 Metaspace       used 62843K, capacity 64496K, committed 64668K, reserved 1105920K
  class space    used 7953K, capacity 8592K, committed 8728K, reserved 1048576K
}
Event: 15.878 GC heap before
{Heap before GC invocations=12 (full 0):
 garbage-first heap   total 157696K, used 121518K [0x0000000080000000, 0x0000000100000000)
  region size 1024K, 77 young (78848K), 7 survivors (7168K)
 Metaspace       used 65259K, capacity 66995K, committed 67356K, reserved 1107968K
  class space    used 8290K, capacity 8965K, committed 9112K, reserved 1048576K
}
Event: 15.892 GC heap after
{Heap after GC invocations=13 (full 0):
 garbage-first heap   total 157696K, used 54172K [0x0000000080000000, 0x0000000100000000)
  region size 1024K, 6 young (6144K), 6 survivors (6144K)
 Metaspace       used 65259K, capacity 66995K, committed 67356K, reserved 1107968K
  class space    used 8290K, capacity 8965K, committed 9112K, reserved 1048576K
}
Event: 16.514 GC heap before
{Heap before GC invocations=13 (full 0):
 garbage-first heap   total 157696K, used 82844K [0x0000000080000000, 0x0000000100000000)
  region size 1024K, 35 young (35840K), 6 survivors (6144K)
 Metaspace       used 68878K, capacity 70560K, committed 70660K, reserved 1110016K
  class space    used 8900K, capacity 9577K, committed 9624K, reserved 1048576K
}
Event: 16.527 GC heap after
{Heap after GC invocations=14 (full 0):
 garbage-first heap   total 157696K, used 55642K [0x0000000080000000, 0x0000000100000000)
  region size 1024K, 2 young (2048K), 2 survivors (2048K)
 Metaspace       used 68878K, capacity 70560K, committed 70660K, reserved 1110016K
  class space    used 8900K, capacity 9577K, committed 9624K, reserved 1048576K
}
Event: 18.131 GC heap before
{Heap before GC invocations=15 (full 0):
 garbage-first heap   total 157696K, used 124250K [0x0000000080000000, 0x0000000100000000)
  region size 1024K, 69 young (70656K), 2 survivors (2048K)
 Metaspace       used 75274K, capacity 77139K, committed 77392K, reserved 1116160K
  class space    used 9896K, capacity 10613K, committed 10724K, reserved 1048576K
}
Event: 18.147 GC heap after
{Heap after GC invocations=16 (full 0):
 garbage-first heap   total 157696K, used 59068K [0x0000000080000000, 0x0000000100000000)
  region size 1024K, 6 young (6144K), 6 survivors (6144K)
 Metaspace       used 75274K, capacity 77139K, committed 77392K, reserved 1116160K
  class space    used 9896K, capacity 10613K, committed 10724K, reserved 1048576K
}

